70a8a0f07107
 INFO - ::group::Log message source details
*** Found local files:
***   * /usr/local/airflow/logs/dag_id=nyc_taxi_etl/run_id=scheduled__2025-03-01T00:00:00+00:00/task_id=transform_data/attempt=1.log
 INFO - ::endgroup::
[2025-03-02T07:39:05.654+0000] {local_task_job_runner.py:123} INFO - ::group::Pre task execution logs
[2025-03-02T07:39:05.670+0000] {taskinstance.py:2614} INFO - Dependencies all met for dep_context=non-requeueable deps ti=<TaskInstance: nyc_taxi_etl.transform_data scheduled__2025-03-01T00:00:00+00:00 [queued]>
[2025-03-02T07:39:05.674+0000] {taskinstance.py:2614} INFO - Dependencies all met for dep_context=requeueable deps ti=<TaskInstance: nyc_taxi_etl.transform_data scheduled__2025-03-01T00:00:00+00:00 [queued]>
[2025-03-02T07:39:05.674+0000] {taskinstance.py:2867} INFO - Starting attempt 1 of 2
[2025-03-02T07:39:05.680+0000] {taskinstance.py:2890} INFO - Executing <Task(PythonOperator): transform_data> on 2025-03-01 00:00:00+00:00
[2025-03-02T07:39:05.686+0000] {standard_task_runner.py:104} INFO - Running: ['airflow', 'tasks', 'run', 'nyc_taxi_etl', 'transform_data', 'scheduled__2025-03-01T00:00:00+00:00', '--job-id', '53', '--raw', '--subdir', 'DAGS_FOLDER/nyc_taxi_etl.py', '--cfg-path', '/tmp/tmpg1r0rqcc']
[2025-03-02T07:39:05.688+0000] {standard_task_runner.py:105} INFO - Job 53: Subtask transform_data
[2025-03-02T07:39:05.688+0000] {logging_mixin.py:190} WARNING - /usr/local/lib/python3.12/site-packages/airflow/task/task_runner/standard_task_runner.py:70 DeprecationWarning: This process (pid=398) is multi-threaded, use of fork() may lead to deadlocks in the child.
[2025-03-02T07:39:05.689+0000] {standard_task_runner.py:72} INFO - Started process 399 to run task
[2025-03-02T07:39:05.710+0000] {task_command.py:467} INFO - Running <TaskInstance: nyc_taxi_etl.transform_data scheduled__2025-03-01T00:00:00+00:00 [running]> on host 70a8a0f07107
[2025-03-02T07:39:05.746+0000] {taskinstance.py:3134} INFO - Exporting env vars: AIRFLOW_CTX_DAG_OWNER='airflow' AIRFLOW_CTX_DAG_ID='nyc_taxi_etl' AIRFLOW_CTX_TASK_ID='transform_data' AIRFLOW_CTX_EXECUTION_DATE='2025-03-01T00:00:00+00:00' AIRFLOW_CTX_TRY_NUMBER='1' AIRFLOW_CTX_DAG_RUN_ID='scheduled__2025-03-01T00:00:00+00:00'
[2025-03-02T07:39:05.747+0000] {taskinstance.py:732} INFO - ::endgroup::
[2025-03-02T07:41:04.097+0000] {logging_mixin.py:190} INFO - ✅ Cleaned data saved to /usr/local/airflow/data/clean/yellow_tripdata_2016-03.csv
[2025-03-02T07:42:48.321+0000] {logging_mixin.py:190} INFO - ✅ Cleaned data saved to /usr/local/airflow/data/clean/yellow_tripdata_2016-01.csv
[2025-03-02T07:44:37.669+0000] {logging_mixin.py:190} INFO - ✅ Cleaned data saved to /usr/local/airflow/data/clean/yellow_tripdata_2016-02.csv
[2025-03-02T07:46:42.409+0000] {logging_mixin.py:190} INFO - ✅ Cleaned data saved to /usr/local/airflow/data/clean/yellow_tripdata_2015-01.csv
[2025-03-02T07:46:42.410+0000] {python.py:240} INFO - Done. Returned value was: None
[2025-03-02T07:46:42.427+0000] {taskinstance.py:341} INFO - ::group::Post task execution logs
[2025-03-02T07:46:42.427+0000] {taskinstance.py:353} INFO - Marking task as SUCCESS. dag_id=nyc_taxi_etl, task_id=transform_data, run_id=scheduled__2025-03-01T00:00:00+00:00, execution_date=20250301T000000, start_date=20250302T073905, end_date=20250302T074642
[2025-03-02T07:46:42.461+0000] {local_task_job_runner.py:266} INFO - Task exited with return code 0
[2025-03-02T07:46:42.478+0000] {taskinstance.py:3901} INFO - 1 downstream tasks scheduled from follow-on schedule check
[2025-03-02T07:46:42.479+0000] {local_task_job_runner.py:245} INFO - ::endgroup::
